<?xml version="1.0" encoding="UTF-8"?>
<testng-results ignored="0" total="2" passed="2" failed="0" skipped="0">
  <reporter-output>
  </reporter-output>
  <suite started-at="2024-06-26T12:15:07 GMT-12:00" name="Default suite" finished-at="2024-06-26T12:15:22 GMT-12:00" duration-ms="14654">
    <groups>
    </groups>
    <test started-at="2024-06-26T12:15:07 GMT-12:00" name="Default test" finished-at="2024-06-26T12:15:22 GMT-12:00" duration-ms="14654">
      <class name="testroomsoom.Masterclas">
        <test-method is-config="true" signature="open_browser()[pri:0, instance:testroomsoom.Masterclas@9f116cc]" started-at="2024-06-26T12:15:07 GMT-12:00" name="open_browser" finished-at="2024-06-26T12:15:21 GMT-12:00" duration-ms="14386" status="PASS">
          <reporter-output>
          </reporter-output>
        </test-method> <!-- open_browser -->
        <test-method signature="features_item_button()[pri:0, instance:testroomsoom.Masterclas@9f116cc]" started-at="2024-06-26T12:15:21 GMT-12:00" name="features_item_button" finished-at="2024-06-26T12:15:21 GMT-12:00" duration-ms="115" status="PASS">
          <reporter-output>
          </reporter-output>
        </test-method> <!-- features_item_button -->
        <test-method signature="to_verifypage()[pri:0, instance:testroomsoom.Masterclas@9f116cc]" started-at="2024-06-26T12:15:21 GMT-12:00" name="to_verifypage" finished-at="2024-06-26T12:15:22 GMT-12:00" duration-ms="78" status="PASS">
          <reporter-output>
          </reporter-output>
        </test-method> <!-- to_verifypage -->
      </class> <!-- testroomsoom.Masterclas -->
    </test> <!-- Default test -->
  </suite> <!-- Default suite -->
</testng-results>
